Started GET "/" for 127.0.0.1 at 2017-11-28 12:50:10 +0100
Processing by HomeController#index as HTML
  Rendering home/index.html.erb within layouts/application
  Rendered home/index.html.erb within layouts/application (2.8ms)
Completed 200 OK in 652ms (Views: 501.7ms)


Started GET "/" for 127.0.0.1 at 2017-11-28 13:06:13 +0100
Processing by HomeController#index as HTML
  Rendering home/index.html.erb within layouts/application
  Rendered home/index.html.erb within layouts/application (0.6ms)
Completed 200 OK in 60ms (Views: 56.1ms)


Started GET "/" for 127.0.0.1 at 2017-11-28 13:16:22 +0100
Processing by HomeController#index as HTML
  Rendering home/index.html.erb within layouts/application
  Rendered home/index.html.erb within layouts/application (0.4ms)
Completed 200 OK in 31ms (Views: 29.5ms)


Started GET "/" for 127.0.0.1 at 2017-11-28 13:18:50 +0100
Processing by HomeController#index as HTML
  Rendering home/index.html.erb within layouts/application
  Rendered home/index.html.erb within layouts/application (0.5ms)
Completed 200 OK in 57ms (Views: 54.0ms)


Started GET "/" for 127.0.0.1 at 2017-11-28 13:19:21 +0100
Processing by HomeController#index as HTML
  Rendering home/index.html.erb within layouts/application
  Rendered home/index.html.erb within layouts/application (0.6ms)
Completed 200 OK in 70ms (Views: 67.7ms)


Started GET "/" for 127.0.0.1 at 2017-11-28 13:19:55 +0100
Processing by HomeController#index as HTML
  Rendering home/index.html.erb within layouts/application
  Rendered home/index.html.erb within layouts/application (0.5ms)
Completed 200 OK in 47ms (Views: 43.2ms)


Started GET "/" for 127.0.0.1 at 2017-11-28 13:20:04 +0100
Processing by HomeController#index as HTML
  Rendering home/index.html.erb within layouts/application
  Rendered home/index.html.erb within layouts/application (0.7ms)
Completed 200 OK in 41ms (Views: 39.4ms)


Started GET "/" for 127.0.0.1 at 2017-11-28 13:20:14 +0100
Processing by HomeController#index as HTML
  Rendering home/index.html.erb within layouts/application
  Rendered home/index.html.erb within layouts/application (0.9ms)
Completed 200 OK in 37ms (Views: 33.8ms)


Started GET "/" for 127.0.0.1 at 2017-11-28 13:20:37 +0100
Processing by HomeController#index as HTML
  Rendering home/index.html.erb within layouts/application
  Rendered home/index.html.erb within layouts/application (0.5ms)
Completed 200 OK in 57ms (Views: 54.2ms)


Started GET "/" for 127.0.0.1 at 2017-11-28 13:20:58 +0100
Processing by HomeController#index as HTML
  Rendering home/index.html.erb within layouts/application
  Rendered home/index.html.erb within layouts/application (0.5ms)
Completed 200 OK in 27ms (Views: 24.1ms)


Started GET "/" for 127.0.0.1 at 2017-11-28 13:21:26 +0100
Processing by HomeController#index as HTML
  Rendering home/index.html.erb within layouts/application
  Rendered home/index.html.erb within layouts/application (1.0ms)
Completed 200 OK in 37ms (Views: 33.6ms)


Started GET "/" for 127.0.0.1 at 2017-11-28 13:21:42 +0100
Processing by HomeController#index as HTML
  Rendering home/index.html.erb within layouts/application
  Rendered home/index.html.erb within layouts/application (0.5ms)
Completed 200 OK in 32ms (Views: 29.5ms)


Started GET "/" for 127.0.0.1 at 2017-11-28 13:22:08 +0100
Processing by HomeController#index as HTML
  Rendering home/index.html.erb within layouts/application
  Rendered home/index.html.erb within layouts/application (0.7ms)
Completed 200 OK in 28ms (Views: 25.0ms)


Started GET "/" for 127.0.0.1 at 2017-11-28 13:22:29 +0100
Processing by HomeController#index as HTML
  Rendering home/index.html.erb within layouts/application
  Rendered home/index.html.erb within layouts/application (0.5ms)
Completed 200 OK in 32ms (Views: 30.6ms)


Started GET "/" for 127.0.0.1 at 2017-11-28 13:22:47 +0100
Processing by HomeController#index as HTML
  Rendering home/index.html.erb within layouts/application
  Rendered home/index.html.erb within layouts/application (0.3ms)
Completed 200 OK in 51ms (Views: 49.2ms)


Started GET "/" for 127.0.0.1 at 2017-11-28 13:22:57 +0100
Processing by HomeController#index as HTML
  Rendering home/index.html.erb within layouts/application
  Rendered home/index.html.erb within layouts/application (0.4ms)
Completed 200 OK in 50ms (Views: 48.5ms)


Started GET "/" for 127.0.0.1 at 2017-11-28 13:23:44 +0100
Processing by HomeController#index as HTML
  Rendering home/index.html.erb within layouts/application
  Rendered home/index.html.erb within layouts/application (0.4ms)
Completed 500 Internal Server Error in 23ms


  
ActionView::Template::Error (Invalid CSS after "  margin: 0;": expected "}", was ""):
    4:     <title>GoogleMap</title>
    5:     <%= csrf_meta_tags %>
    6: 
    7:     <%= stylesheet_link_tag    'application', media: 'all', 'data-turbolinks-track': 'reload' %>
    8:     <%= javascript_include_tag 'application', 'data-turbolinks-track': 'reload' %>
    9:   </head>
   10: 
  
app/assets/stylesheets/home.scss:14
app/views/layouts/application.html.erb:7:in `_app_views_layouts_application_html_erb___3051884061997005531_70199518271400'
Started GET "/" for 127.0.0.1 at 2017-11-28 13:23:58 +0100
Processing by HomeController#index as HTML
  Rendering home/index.html.erb within layouts/application
  Rendered home/index.html.erb within layouts/application (0.5ms)
Completed 500 Internal Server Error in 24ms


  
ActionView::Template::Error (Invalid CSS after "  margin: 0;": expected "}", was ""):
    4:     <title>GoogleMap</title>
    5:     <%= csrf_meta_tags %>
    6: 
    7:     <%= stylesheet_link_tag    'application', media: 'all', 'data-turbolinks-track': 'reload' %>
    8:     <%= javascript_include_tag 'application', 'data-turbolinks-track': 'reload' %>
    9:   </head>
   10: 
  
app/assets/stylesheets/home.scss:13
app/views/layouts/application.html.erb:7:in `_app_views_layouts_application_html_erb___3051884061997005531_70199547240300'
Started GET "/" for 127.0.0.1 at 2017-11-28 13:25:14 +0100
Processing by HomeController#index as HTML
  Rendering home/index.html.erb within layouts/application
  Rendered home/index.html.erb within layouts/application (0.4ms)
Completed 500 Internal Server Error in 15ms


  
ActionView::Template::Error (Invalid CSS after "  margin: 0;": expected "}", was ""):
    4:     <title>GoogleMap</title>
    5:     <%= csrf_meta_tags %>
    6: 
    7:     <%= stylesheet_link_tag    'application', media: 'all', 'data-turbolinks-track': 'reload' %>
    8:     <%= javascript_include_tag 'application', 'data-turbolinks-track': 'reload' %>
    9:   </head>
   10: 
  
app/assets/stylesheets/home.scss:13
app/views/layouts/application.html.erb:7:in `_app_views_layouts_application_html_erb___3051884061997005531_70199548315120'
Started GET "/" for 127.0.0.1 at 2017-11-28 13:25:21 +0100
Processing by HomeController#index as HTML
  Rendering home/index.html.erb within layouts/application
  Rendered home/index.html.erb within layouts/application (0.4ms)
Completed 200 OK in 38ms (Views: 36.2ms)


Started GET "/?Longitude=&Latitude=&marker=marker" for 127.0.0.1 at 2017-11-28 13:25:22 +0100
Processing by HomeController#index as HTML
  Parameters: {"Longitude"=>"", "Latitude"=>"", "marker"=>"marker"}
  Rendering home/index.html.erb within layouts/application
  Rendered home/index.html.erb within layouts/application (0.4ms)
Completed 200 OK in 23ms (Views: 20.8ms)


Started GET "/?Longitude=&Latitude=&marker=marker" for 127.0.0.1 at 2017-11-28 13:27:20 +0100
Processing by HomeController#index as HTML
  Parameters: {"Longitude"=>"", "Latitude"=>"", "marker"=>"marker"}
  Rendering home/index.html.erb within layouts/application
  Rendered home/index.html.erb within layouts/application (0.5ms)
Completed 200 OK in 23ms (Views: 20.6ms)


Started GET "/?Longitude=&Latitude=&marker=marker" for 127.0.0.1 at 2017-11-28 13:27:26 +0100
Processing by HomeController#index as HTML
  Parameters: {"Longitude"=>"", "Latitude"=>"", "marker"=>"marker"}
  Rendering home/index.html.erb within layouts/application
  Rendered home/index.html.erb within layouts/application (0.4ms)
Completed 200 OK in 20ms (Views: 16.7ms)


Started GET "/?Longitude=&Latitude=&marker=marker" for 127.0.0.1 at 2017-11-28 13:27:29 +0100
Processing by HomeController#index as HTML
  Parameters: {"Longitude"=>"", "Latitude"=>"", "marker"=>"marker"}
  Rendering home/index.html.erb within layouts/application
  Rendered home/index.html.erb within layouts/application (0.3ms)
Completed 200 OK in 20ms (Views: 16.8ms)


Started GET "/?Longitude=&Latitude=&marker=marker" for 127.0.0.1 at 2017-11-28 13:30:55 +0100
Processing by HomeController#index as HTML
  Parameters: {"Longitude"=>"", "Latitude"=>"", "marker"=>"marker"}
  Rendering home/index.html.erb within layouts/application
  Rendered home/index.html.erb within layouts/application (0.4ms)
Completed 200 OK in 23ms (Views: 20.7ms)


Started GET "/?Longitude=&Latitude=&marker=marker" for 127.0.0.1 at 2017-11-28 13:45:11 +0100
Processing by HomeController#index as HTML
  Parameters: {"Longitude"=>"", "Latitude"=>"", "marker"=>"marker"}
  Rendering home/index.html.erb within layouts/application
  Rendered home/index.html.erb within layouts/application (0.3ms)
Completed 200 OK in 23ms (Views: 21.4ms)


Started GET "/?Longitude=&Latitude=&marker=marker" for 127.0.0.1 at 2017-11-28 13:46:31 +0100
Processing by HomeController#index as HTML
  Parameters: {"Longitude"=>"", "Latitude"=>"", "marker"=>"marker"}
  Rendering home/index.html.erb within layouts/application
  Rendered home/index.html.erb within layouts/application (0.4ms)
Completed 200 OK in 25ms (Views: 23.6ms)


Started GET "/?Longitude=&Latitude=&marker=marker" for 127.0.0.1 at 2017-11-28 13:48:04 +0100
Processing by HomeController#index as HTML
  Parameters: {"Longitude"=>"", "Latitude"=>"", "marker"=>"marker"}
  Rendering home/index.html.erb within layouts/application
  Rendered home/index.html.erb within layouts/application (0.3ms)
Completed 200 OK in 22ms (Views: 19.1ms)


Started GET "/?Longitude=&Latitude=&marker=marker" for 127.0.0.1 at 2017-11-28 13:48:05 +0100
Processing by HomeController#index as HTML
  Parameters: {"Longitude"=>"", "Latitude"=>"", "marker"=>"marker"}
  Rendering home/index.html.erb within layouts/application
  Rendered home/index.html.erb within layouts/application (0.3ms)
Completed 200 OK in 21ms (Views: 18.5ms)


Started GET "/?Longitude=&Latitude=&marker=marker" for 127.0.0.1 at 2017-11-28 13:52:04 +0100
Processing by HomeController#index as HTML
  Parameters: {"Longitude"=>"", "Latitude"=>"", "marker"=>"marker"}
  Rendering home/index.html.erb within layouts/application
  Rendered home/index.html.erb within layouts/application (0.5ms)
Completed 200 OK in 22ms (Views: 19.3ms)


Started GET "/?Longitude=&Latitude=&marker=marker" for 127.0.0.1 at 2017-11-28 13:52:08 +0100
Processing by HomeController#index as HTML
  Parameters: {"Longitude"=>"", "Latitude"=>"", "marker"=>"marker"}
  Rendering home/index.html.erb within layouts/application
  Rendered home/index.html.erb within layouts/application (0.4ms)
Completed 200 OK in 26ms (Views: 22.3ms)


Started GET "/?Longitude=&Latitude=&marker=marker" for 127.0.0.1 at 2017-11-28 13:52:11 +0100
Processing by HomeController#index as HTML
  Parameters: {"Longitude"=>"", "Latitude"=>"", "marker"=>"marker"}
  Rendering home/index.html.erb within layouts/application
  Rendered home/index.html.erb within layouts/application (0.4ms)
Completed 200 OK in 21ms (Views: 18.6ms)


Started GET "/?Longitude=&Latitude=&marker=marker" for 127.0.0.1 at 2017-11-28 13:52:12 +0100
Processing by HomeController#index as HTML
  Parameters: {"Longitude"=>"", "Latitude"=>"", "marker"=>"marker"}
  Rendering home/index.html.erb within layouts/application
  Rendered home/index.html.erb within layouts/application (0.4ms)
Completed 200 OK in 24ms (Views: 21.6ms)


Started GET "/?Longitude=&Latitude=&marker=marker" for 127.0.0.1 at 2017-11-28 14:01:16 +0100
Processing by HomeController#index as HTML
  Parameters: {"Longitude"=>"", "Latitude"=>"", "marker"=>"marker"}
  Rendering home/index.html.erb within layouts/application
  Rendered home/index.html.erb within layouts/application (0.4ms)
Completed 200 OK in 23ms (Views: 20.3ms)


Started GET "/?Longitude=&Latitude=&marker=marker" for 127.0.0.1 at 2017-11-28 14:01:20 +0100
Processing by HomeController#index as HTML
  Parameters: {"Longitude"=>"", "Latitude"=>"", "marker"=>"marker"}
  Rendering home/index.html.erb within layouts/application
  Rendered home/index.html.erb within layouts/application (0.4ms)
Completed 200 OK in 24ms (Views: 20.9ms)


Started GET "/?Longitude=&Latitude=&marker=marker" for 127.0.0.1 at 2017-11-28 14:01:21 +0100
Processing by HomeController#index as HTML
  Parameters: {"Longitude"=>"", "Latitude"=>"", "marker"=>"marker"}
  Rendering home/index.html.erb within layouts/application
  Rendered home/index.html.erb within layouts/application (0.7ms)
Completed 200 OK in 26ms (Views: 22.7ms)


Started GET "/?Longitude=&Latitude=&marker=marker" for 127.0.0.1 at 2017-11-28 14:01:22 +0100
Processing by HomeController#index as HTML
  Parameters: {"Longitude"=>"", "Latitude"=>"", "marker"=>"marker"}
  Rendering home/index.html.erb within layouts/application
  Rendered home/index.html.erb within layouts/application (0.6ms)
Completed 200 OK in 28ms (Views: 26.0ms)


Started GET "/?Longitude=&Latitude=&marker=marker" for 127.0.0.1 at 2017-11-28 14:01:23 +0100
Processing by HomeController#index as HTML
  Parameters: {"Longitude"=>"", "Latitude"=>"", "marker"=>"marker"}
  Rendering home/index.html.erb within layouts/application
  Rendered home/index.html.erb within layouts/application (0.4ms)
Completed 200 OK in 23ms (Views: 19.6ms)


Started GET "/?Longitude=&Latitude=&marker=marker" for 127.0.0.1 at 2017-11-28 14:01:23 +0100
Processing by HomeController#index as HTML
  Parameters: {"Longitude"=>"", "Latitude"=>"", "marker"=>"marker"}
  Rendering home/index.html.erb within layouts/application
  Rendered home/index.html.erb within layouts/application (0.5ms)
Completed 200 OK in 35ms (Views: 31.5ms)


Started GET "/?Longitude=&Latitude=&marker=marker" for 127.0.0.1 at 2017-11-28 14:01:23 +0100
Processing by HomeController#index as HTML
  Parameters: {"Longitude"=>"", "Latitude"=>"", "marker"=>"marker"}
  Rendering home/index.html.erb within layouts/application
  Rendered home/index.html.erb within layouts/application (0.5ms)
Completed 200 OK in 25ms (Views: 23.5ms)


Started GET "/?Longitude=&Latitude=&marker=marker" for 127.0.0.1 at 2017-11-28 14:14:09 +0100
Processing by HomeController#index as HTML
  Parameters: {"Longitude"=>"", "Latitude"=>"", "marker"=>"marker"}
  Rendering home/index.html.erb within layouts/application
  Rendered home/index.html.erb within layouts/application (0.4ms)
Completed 200 OK in 22ms (Views: 19.6ms)


Started GET "/?Longitude=&Latitude=&marker=marker" for 127.0.0.1 at 2017-11-28 14:14:16 +0100
Processing by HomeController#index as HTML
  Parameters: {"Longitude"=>"", "Latitude"=>"", "marker"=>"marker"}
  Rendering home/index.html.erb within layouts/application
  Rendered home/index.html.erb within layouts/application (0.5ms)
Completed 200 OK in 21ms (Views: 18.2ms)


Started GET "/?Longitude=&Latitude=&marker=marker" for 127.0.0.1 at 2017-11-28 14:15:23 +0100
Processing by HomeController#index as HTML
  Parameters: {"Longitude"=>"", "Latitude"=>"", "marker"=>"marker"}
  Rendering home/index.html.erb within layouts/application
  Rendered home/index.html.erb within layouts/application (0.4ms)
Completed 200 OK in 20ms (Views: 17.0ms)


Started GET "/?Longitude=&Latitude=&marker=marker" for 127.0.0.1 at 2017-11-28 14:16:12 +0100
Processing by HomeController#index as HTML
  Parameters: {"Longitude"=>"", "Latitude"=>"", "marker"=>"marker"}
  Rendering home/index.html.erb within layouts/application
  Rendered home/index.html.erb within layouts/application (0.4ms)
Completed 200 OK in 30ms (Views: 26.8ms)


Started GET "/?Longitude=&Latitude=&marker=marker" for 127.0.0.1 at 2017-11-28 14:16:50 +0100
Processing by HomeController#index as HTML
  Parameters: {"Longitude"=>"", "Latitude"=>"", "marker"=>"marker"}
  Rendering home/index.html.erb within layouts/application
  Rendered home/index.html.erb within layouts/application (0.5ms)
Completed 200 OK in 32ms (Views: 28.8ms)


Started GET "/?Longitude=&Latitude=&marker=marker" for 127.0.0.1 at 2017-11-28 14:17:10 +0100
Processing by HomeController#index as HTML
  Parameters: {"Longitude"=>"", "Latitude"=>"", "marker"=>"marker"}
  Rendering home/index.html.erb within layouts/application
  Rendered home/index.html.erb within layouts/application (0.4ms)
Completed 200 OK in 27ms (Views: 25.5ms)


Started GET "/?Longitude=&Latitude=&marker=marker" for 127.0.0.1 at 2017-11-28 14:18:09 +0100
Processing by HomeController#index as HTML
  Parameters: {"Longitude"=>"", "Latitude"=>"", "marker"=>"marker"}
  Rendering home/index.html.erb within layouts/application
  Rendered home/index.html.erb within layouts/application (0.4ms)
Completed 200 OK in 31ms (Views: 28.5ms)


Started GET "/?Longitude=&Latitude=&marker=marker" for 127.0.0.1 at 2017-11-28 14:18:26 +0100
Processing by HomeController#index as HTML
  Parameters: {"Longitude"=>"", "Latitude"=>"", "marker"=>"marker"}
  Rendering home/index.html.erb within layouts/application
  Rendered home/index.html.erb within layouts/application (0.4ms)
Completed 200 OK in 21ms (Views: 18.2ms)


Started GET "/?Longitude=&Latitude=&marker=marker" for 127.0.0.1 at 2017-11-28 14:22:57 +0100
Processing by HomeController#index as HTML
  Parameters: {"Longitude"=>"", "Latitude"=>"", "marker"=>"marker"}
  Rendering home/index.html.erb within layouts/application
  Rendered home/index.html.erb within layouts/application (0.4ms)
Completed 200 OK in 30ms (Views: 18.3ms)


Started GET "/?Longitude=&Latitude=&marker=marker" for 127.0.0.1 at 2017-11-28 14:25:48 +0100
Processing by HomeController#index as HTML
  Parameters: {"Longitude"=>"", "Latitude"=>"", "marker"=>"marker"}
  Rendering home/index.html.erb within layouts/application
  Rendered home/index.html.erb within layouts/application (0.5ms)
Completed 200 OK in 22ms (Views: 19.2ms)


Started GET "/?Longitude=&Latitude=&marker=marker" for 127.0.0.1 at 2017-11-28 14:49:31 +0100
Processing by HomeController#index as HTML
  Parameters: {"Longitude"=>"", "Latitude"=>"", "marker"=>"marker"}
  Rendering home/index.html.erb within layouts/application
  Rendered home/index.html.erb within layouts/application (0.5ms)
Completed 200 OK in 26ms (Views: 23.6ms)


Started GET "/?Longitude=&Latitude=&marker=marker" for 127.0.0.1 at 2017-11-28 14:50:09 +0100
Processing by HomeController#index as HTML
  Parameters: {"Longitude"=>"", "Latitude"=>"", "marker"=>"marker"}
  Rendering home/index.html.erb within layouts/application
  Rendered home/index.html.erb within layouts/application (0.4ms)
Completed 200 OK in 23ms (Views: 19.5ms)


Started GET "/?Longitude=&Latitude=&marker=marker" for 127.0.0.1 at 2017-11-28 14:50:16 +0100
Processing by HomeController#index as HTML
  Parameters: {"Longitude"=>"", "Latitude"=>"", "marker"=>"marker"}
  Rendering home/index.html.erb within layouts/application
  Rendered home/index.html.erb within layouts/application (0.4ms)
Completed 200 OK in 22ms (Views: 20.2ms)


Started GET "/?Longitude=&Latitude=&marker=marker" for 127.0.0.1 at 2017-11-28 14:50:44 +0100
Processing by HomeController#index as HTML
  Parameters: {"Longitude"=>"", "Latitude"=>"", "marker"=>"marker"}
  Rendering home/index.html.erb within layouts/application
  Rendered home/index.html.erb within layouts/application (0.4ms)
Completed 200 OK in 20ms (Views: 18.3ms)


Started GET "/?Longitude=&Latitude=&marker=marker" for 127.0.0.1 at 2017-11-28 14:50:50 +0100
Processing by HomeController#index as HTML
  Parameters: {"Longitude"=>"", "Latitude"=>"", "marker"=>"marker"}
  Rendering home/index.html.erb within layouts/application
  Rendered home/index.html.erb within layouts/application (0.4ms)
Completed 200 OK in 28ms (Views: 24.9ms)


Started GET "/?Longitude=&Latitude=&marker=marker" for 127.0.0.1 at 2017-11-28 14:50:51 +0100
Processing by HomeController#index as HTML
  Parameters: {"Longitude"=>"", "Latitude"=>"", "marker"=>"marker"}
  Rendering home/index.html.erb within layouts/application
  Rendered home/index.html.erb within layouts/application (0.6ms)
Completed 200 OK in 26ms (Views: 23.3ms)


Started GET "/?Longitude=&Latitude=&marker=marker" for 127.0.0.1 at 2017-11-28 16:08:29 +0100
Processing by HomeController#index as HTML
  Parameters: {"Longitude"=>"", "Latitude"=>"", "marker"=>"marker"}
  Rendering home/index.html.erb within layouts/application
  Rendered home/index.html.erb within layouts/application (0.4ms)
Completed 200 OK in 28ms (Views: 26.2ms)


Started GET "/?Longitude=&Latitude=&marker=marker" for 127.0.0.1 at 2017-11-28 16:08:42 +0100
Processing by HomeController#index as HTML
  Parameters: {"Longitude"=>"", "Latitude"=>"", "marker"=>"marker"}
  Rendering home/index.html.erb within layouts/application
  Rendered home/index.html.erb within layouts/application (0.6ms)
Completed 200 OK in 33ms (Views: 29.7ms)


Started GET "/?Longitude=&Latitude=&marker=marker" for 127.0.0.1 at 2017-11-28 16:08:51 +0100
Processing by HomeController#index as HTML
  Parameters: {"Longitude"=>"", "Latitude"=>"", "marker"=>"marker"}
  Rendering home/index.html.erb within layouts/application
  Rendered home/index.html.erb within layouts/application (0.6ms)
Completed 200 OK in 32ms (Views: 24.1ms)


Started GET "/?Longitude=&Latitude=&marker=marker" for 127.0.0.1 at 2017-11-28 16:19:04 +0100
Processing by HomeController#index as HTML
  Parameters: {"Longitude"=>"", "Latitude"=>"", "marker"=>"marker"}
  Rendering home/index.html.erb within layouts/application
  Rendered home/index.html.erb within layouts/application (0.4ms)
Completed 200 OK in 23ms (Views: 19.5ms)


Started GET "/?Longitude=&Latitude=&marker=marker" for 127.0.0.1 at 2017-11-28 16:19:35 +0100
Processing by HomeController#index as HTML
  Parameters: {"Longitude"=>"", "Latitude"=>"", "marker"=>"marker"}
  Rendering home/index.html.erb within layouts/application
  Rendered home/index.html.erb within layouts/application (0.6ms)
Completed 200 OK in 32ms (Views: 30.1ms)


Started GET "/?Longitude=&Latitude=&marker=marker" for 127.0.0.1 at 2017-11-28 16:27:23 +0100
Processing by HomeController#index as HTML
  Parameters: {"Longitude"=>"", "Latitude"=>"", "marker"=>"marker"}
  Rendering home/index.html.erb within layouts/application
  Rendered home/index.html.erb within layouts/application (0.5ms)
Completed 200 OK in 33ms (Views: 30.8ms)


Started GET "/?Longitude=&Latitude=&marker=marker" for 127.0.0.1 at 2017-11-28 16:28:47 +0100
Processing by HomeController#index as HTML
  Parameters: {"Longitude"=>"", "Latitude"=>"", "marker"=>"marker"}
  Rendering home/index.html.erb within layouts/application
  Rendered home/index.html.erb within layouts/application (0.7ms)
Completed 200 OK in 34ms (Views: 31.8ms)


Started GET "/?Longitude=&Latitude=&marker=marker" for 127.0.0.1 at 2017-11-28 16:29:01 +0100
Processing by HomeController#index as HTML
  Parameters: {"Longitude"=>"", "Latitude"=>"", "marker"=>"marker"}
  Rendering home/index.html.erb within layouts/application
  Rendered home/index.html.erb within layouts/application (0.4ms)
Completed 200 OK in 21ms (Views: 19.5ms)


Started GET "/?Longitude=&Latitude=&marker=marker" for 127.0.0.1 at 2017-11-28 16:29:43 +0100
Processing by HomeController#index as HTML
  Parameters: {"Longitude"=>"", "Latitude"=>"", "marker"=>"marker"}
  Rendering home/index.html.erb within layouts/application
  Rendered home/index.html.erb within layouts/application (0.4ms)
Completed 200 OK in 23ms (Views: 20.8ms)


Started GET "/?Longitude=48.860294&Latitude=%E2%80%8E48%C2%B0+51%27+37.0584%27%27+N&marker=marker" for 127.0.0.1 at 2017-11-28 16:33:54 +0100
Processing by HomeController#index as HTML
  Parameters: {"Longitude"=>"48.860294", "Latitude"=>"‎48° 51' 37.0584'' N", "marker"=>"marker"}
  Rendering home/index.html.erb within layouts/application
  Rendered home/index.html.erb within layouts/application (0.3ms)
Completed 200 OK in 21ms (Views: 19.2ms)


Started GET "/?Longitude=+%E2%80%8E2.338629%09&Latitude=48.860294&marker=marker" for 127.0.0.1 at 2017-11-28 16:35:49 +0100
Processing by HomeController#index as HTML
  Parameters: {"Longitude"=>" ‎2.338629\t", "Latitude"=>"48.860294", "marker"=>"marker"}
  Rendering home/index.html.erb within layouts/application
  Rendered home/index.html.erb within layouts/application (0.4ms)
Completed 200 OK in 22ms (Views: 20.1ms)


Started GET "/?Longitude=2&Latitude=3&marker=marker" for 127.0.0.1 at 2017-11-28 16:43:36 +0100
Processing by HomeController#index as HTML
  Parameters: {"Longitude"=>"2", "Latitude"=>"3", "marker"=>"marker"}
  Rendering home/index.html.erb within layouts/application
  Rendered home/index.html.erb within layouts/application (0.4ms)
Completed 200 OK in 23ms (Views: 21.9ms)


Started GET "/?Longitude=2&Latitude=2&marker=marker" for 127.0.0.1 at 2017-11-28 16:43:44 +0100
Processing by HomeController#index as HTML
  Parameters: {"Longitude"=>"2", "Latitude"=>"2", "marker"=>"marker"}
  Rendering home/index.html.erb within layouts/application
  Rendered home/index.html.erb within layouts/application (0.8ms)
Completed 200 OK in 22ms (Views: 19.8ms)


Started GET "/?Longitude=2&Latitude=2&marker=marker" for 127.0.0.1 at 2017-11-28 16:44:37 +0100
Processing by HomeController#index as HTML
  Parameters: {"Longitude"=>"2", "Latitude"=>"2", "marker"=>"marker"}
  Rendering home/index.html.erb within layouts/application
  Rendered home/index.html.erb within layouts/application (0.5ms)
Completed 200 OK in 24ms (Views: 21.9ms)


Started GET "/?Longitude=&Latitude=&marker=marker" for 127.0.0.1 at 2017-11-28 16:51:54 +0100
Processing by HomeController#index as HTML
  Parameters: {"Longitude"=>"", "Latitude"=>"", "marker"=>"marker"}
  Rendering home/index.html.erb within layouts/application
  Rendered home/index.html.erb within layouts/application (0.4ms)
Completed 200 OK in 23ms (Views: 21.4ms)


Started GET "/?Longitude=2&Latitude=2&marker=marker" for 127.0.0.1 at 2017-11-28 17:19:09 +0100
Processing by HomeController#index as HTML
  Parameters: {"Longitude"=>"2", "Latitude"=>"2", "marker"=>"marker"}
  Rendering home/index.html.erb within layouts/application
  Rendered home/index.html.erb within layouts/application (0.9ms)
Completed 200 OK in 50ms (Views: 47.5ms)


Started GET "/?Longitude=2&Latitude=2&marker=marker" for 127.0.0.1 at 2017-11-28 17:19:22 +0100
Processing by HomeController#index as HTML
  Parameters: {"Longitude"=>"2", "Latitude"=>"2", "marker"=>"marker"}
  Rendering home/index.html.erb within layouts/application
  Rendered home/index.html.erb within layouts/application (0.4ms)
Completed 200 OK in 33ms (Views: 31.1ms)


Started GET "/?Longitude=2&Latitude=2&marker=marker" for 127.0.0.1 at 2017-11-28 17:20:32 +0100
Processing by HomeController#index as HTML
  Parameters: {"Longitude"=>"2", "Latitude"=>"2", "marker"=>"marker"}
  Rendering home/index.html.erb within layouts/application
  Rendered home/index.html.erb within layouts/application (0.4ms)
Completed 200 OK in 21ms (Views: 19.7ms)


Started GET "/?Longitude=2&Latitude=2&marker=marker" for 127.0.0.1 at 2017-11-28 17:20:44 +0100
Processing by HomeController#index as HTML
  Parameters: {"Longitude"=>"2", "Latitude"=>"2", "marker"=>"marker"}
  Rendering home/index.html.erb within layouts/application
  Rendered home/index.html.erb within layouts/application (0.6ms)
Completed 200 OK in 23ms (Views: 21.3ms)


Started GET "/?Longitude=2&Latitude=2&marker=marker" for 127.0.0.1 at 2017-11-28 17:20:53 +0100
Processing by HomeController#index as HTML
  Parameters: {"Longitude"=>"2", "Latitude"=>"2", "marker"=>"marker"}
  Rendering home/index.html.erb within layouts/application
  Rendered home/index.html.erb within layouts/application (0.4ms)
Completed 200 OK in 22ms (Views: 20.1ms)


Started GET "/?Longitude=2&Latitude=2&marker=marker" for 127.0.0.1 at 2017-11-28 17:21:34 +0100
Processing by HomeController#index as HTML
  Parameters: {"Longitude"=>"2", "Latitude"=>"2", "marker"=>"marker"}
  Rendering home/index.html.erb within layouts/application
  Rendered home/index.html.erb within layouts/application (0.4ms)
Completed 200 OK in 50ms (Views: 47.9ms)


Started GET "/?Longitude=2&Latitude=2&marker=marker" for 127.0.0.1 at 2017-11-28 17:21:50 +0100
Processing by HomeController#index as HTML
  Parameters: {"Longitude"=>"2", "Latitude"=>"2", "marker"=>"marker"}
  Rendering home/index.html.erb within layouts/application
  Rendered home/index.html.erb within layouts/application (0.4ms)
Completed 200 OK in 21ms (Views: 18.2ms)


Started GET "/?Longitude=2&Latitude=2&marker=marker" for 127.0.0.1 at 2017-11-28 17:22:41 +0100
Processing by HomeController#index as HTML
  Parameters: {"Longitude"=>"2", "Latitude"=>"2", "marker"=>"marker"}
  Rendering home/index.html.erb within layouts/application
  Rendered home/index.html.erb within layouts/application (0.4ms)
Completed 500 Internal Server Error in 19ms


  
ActionView::Template::Error (Invalid CSS after "height:360px"": expected "{", was "}"):
    4:     <title>GoogleMap</title>
    5:     <%= csrf_meta_tags %>
    6: 
    7:     <%= stylesheet_link_tag    'application', media: 'all', 'data-turbolinks-track': 'reload' %>
    8:     <%= javascript_include_tag 'application', 'data-turbolinks-track': 'reload' %>
    9:   </head>
   10: 
  
app/assets/stylesheets/home.scss:18
app/views/layouts/application.html.erb:7:in `_app_views_layouts_application_html_erb___3051884061997005531_70199549336240'
Started GET "/?Longitude=2&Latitude=2&marker=marker" for 127.0.0.1 at 2017-11-28 17:22:49 +0100
Processing by HomeController#index as HTML
  Parameters: {"Longitude"=>"2", "Latitude"=>"2", "marker"=>"marker"}
  Rendering home/index.html.erb within layouts/application
  Rendered home/index.html.erb within layouts/application (0.5ms)
Completed 500 Internal Server Error in 26ms


  
ActionView::Template::Error (Invalid CSS after "style=": expected "{", was ""width:60%;"):
    4:     <title>GoogleMap</title>
    5:     <%= csrf_meta_tags %>
    6: 
    7:     <%= stylesheet_link_tag    'application', media: 'all', 'data-turbolinks-track': 'reload' %>
    8:     <%= javascript_include_tag 'application', 'data-turbolinks-track': 'reload' %>
    9:   </head>
   10: 
  
app/assets/stylesheets/home.scss:16
app/views/layouts/application.html.erb:7:in `_app_views_layouts_application_html_erb___3051884061997005531_70199527152600'
Started GET "/?Longitude=2&Latitude=2&marker=marker" for 127.0.0.1 at 2017-11-28 17:22:58 +0100
Processing by HomeController#index as HTML
  Parameters: {"Longitude"=>"2", "Latitude"=>"2", "marker"=>"marker"}
  Rendering home/index.html.erb within layouts/application
  Rendered home/index.html.erb within layouts/application (0.4ms)
Completed 500 Internal Server Error in 20ms


  
ActionView::Template::Error (Invalid CSS after "style=width:60%": expected "{", was ";"):
    4:     <title>GoogleMap</title>
    5:     <%= csrf_meta_tags %>
    6: 
    7:     <%= stylesheet_link_tag    'application', media: 'all', 'data-turbolinks-track': 'reload' %>
    8:     <%= javascript_include_tag 'application', 'data-turbolinks-track': 'reload' %>
    9:   </head>
   10: 
  
app/assets/stylesheets/home.scss:16
app/views/layouts/application.html.erb:7:in `_app_views_layouts_application_html_erb___3051884061997005531_70199523151380'
Started GET "/?Longitude=2&Latitude=2&marker=marker" for 127.0.0.1 at 2017-11-28 17:23:08 +0100
Processing by HomeController#index as HTML
  Parameters: {"Longitude"=>"2", "Latitude"=>"2", "marker"=>"marker"}
  Rendering home/index.html.erb within layouts/application
  Rendered home/index.html.erb within layouts/application (0.6ms)
Completed 200 OK in 48ms (Views: 46.2ms)


Started GET "/?Longitude=2&Latitude=2&marker=marker" for 127.0.0.1 at 2017-11-28 17:23:31 +0100
Processing by HomeController#index as HTML
  Parameters: {"Longitude"=>"2", "Latitude"=>"2", "marker"=>"marker"}
  Rendering home/index.html.erb within layouts/application
  Rendered home/index.html.erb within layouts/application (0.4ms)
Completed 200 OK in 21ms (Views: 18.5ms)


Started GET "/?Longitude=2&Latitude=2&marker=marker" for 127.0.0.1 at 2017-11-28 17:23:49 +0100
Processing by HomeController#index as HTML
  Parameters: {"Longitude"=>"2", "Latitude"=>"2", "marker"=>"marker"}
  Rendering home/index.html.erb within layouts/application
  Rendered home/index.html.erb within layouts/application (0.4ms)
Completed 200 OK in 19ms (Views: 17.2ms)


Started GET "/?Longitude=2&Latitude=3&marker=marker" for 127.0.0.1 at 2017-11-28 17:24:05 +0100
Processing by HomeController#index as HTML
  Parameters: {"Longitude"=>"2", "Latitude"=>"3", "marker"=>"marker"}
  Rendering home/index.html.erb within layouts/application
  Rendered home/index.html.erb within layouts/application (0.4ms)
Completed 200 OK in 22ms (Views: 20.2ms)


Started GET "/?Longitude=2&Latitude=3&marker=marker" for 127.0.0.1 at 2017-11-28 17:24:19 +0100
Processing by HomeController#index as HTML
  Parameters: {"Longitude"=>"2", "Latitude"=>"3", "marker"=>"marker"}
  Rendering home/index.html.erb within layouts/application
  Rendered home/index.html.erb within layouts/application (0.6ms)
Completed 200 OK in 24ms (Views: 21.3ms)


Started GET "/?Longitude=2&Latitude=3&marker=marker" for 127.0.0.1 at 2017-11-28 17:24:26 +0100
Processing by HomeController#index as HTML
  Parameters: {"Longitude"=>"2", "Latitude"=>"3", "marker"=>"marker"}
  Rendering home/index.html.erb within layouts/application
  Rendered home/index.html.erb within layouts/application (0.3ms)
Completed 200 OK in 21ms (Views: 19.0ms)


Started GET "/" for 127.0.0.1 at 2017-11-28 17:24:29 +0100
Processing by HomeController#index as HTML
  Rendering home/index.html.erb within layouts/application
  Rendered home/index.html.erb within layouts/application (0.4ms)
Completed 200 OK in 19ms (Views: 17.6ms)


Started GET "/" for 127.0.0.1 at 2017-11-28 17:25:04 +0100
Processing by HomeController#index as HTML
  Rendering home/index.html.erb within layouts/application
  Rendered home/index.html.erb within layouts/application (0.4ms)
Completed 200 OK in 24ms (Views: 22.2ms)


Started GET "/" for 127.0.0.1 at 2017-11-28 17:43:07 +0100
Processing by HomeController#index as HTML
  Rendering home/index.html.erb within layouts/application
  Rendered home/index.html.erb within layouts/application (0.7ms)
Completed 200 OK in 38ms (Views: 35.9ms)


Started GET "/?Longitude=&Latitude=&marker=marker" for 127.0.0.1 at 2017-11-28 17:43:12 +0100
Processing by HomeController#index as HTML
  Parameters: {"Longitude"=>"", "Latitude"=>"", "marker"=>"marker"}
  Rendering home/index.html.erb within layouts/application
  Rendered home/index.html.erb within layouts/application (0.7ms)
Completed 200 OK in 25ms (Views: 22.3ms)


Started GET "/?Longitude=&Latitude=&marker=marker" for 127.0.0.1 at 2017-11-28 17:43:13 +0100
Processing by HomeController#index as HTML
  Parameters: {"Longitude"=>"", "Latitude"=>"", "marker"=>"marker"}
  Rendering home/index.html.erb within layouts/application
  Rendered home/index.html.erb within layouts/application (0.5ms)
Completed 200 OK in 24ms (Views: 21.4ms)


Started GET "/?Longitude=&Latitude=&marker=marker" for 127.0.0.1 at 2017-11-28 17:43:13 +0100
Processing by HomeController#index as HTML
  Parameters: {"Longitude"=>"", "Latitude"=>"", "marker"=>"marker"}
  Rendering home/index.html.erb within layouts/application
  Rendered home/index.html.erb within layouts/application (0.4ms)
Completed 200 OK in 26ms (Views: 22.4ms)


Started GET "/?Longitude=&Latitude=&marker=marker" for 127.0.0.1 at 2017-11-28 17:43:13 +0100
Processing by HomeController#index as HTML
  Parameters: {"Longitude"=>"", "Latitude"=>"", "marker"=>"marker"}
  Rendering home/index.html.erb within layouts/application
  Rendered home/index.html.erb within layouts/application (0.5ms)
Completed 200 OK in 49ms (Views: 44.9ms)


Started GET "/?Longitude=&Latitude=&marker=marker" for 127.0.0.1 at 2017-11-28 17:44:27 +0100
Processing by HomeController#index as HTML
  Parameters: {"Longitude"=>"", "Latitude"=>"", "marker"=>"marker"}
  Rendering home/index.html.erb within layouts/application
  Rendered home/index.html.erb within layouts/application (0.4ms)
Completed 200 OK in 24ms (Views: 21.4ms)


Started GET "/?Longitude=&Latitude=&marker=marker" for 127.0.0.1 at 2017-11-28 17:45:42 +0100
Processing by HomeController#index as HTML
  Parameters: {"Longitude"=>"", "Latitude"=>"", "marker"=>"marker"}
  Rendering home/index.html.erb within layouts/application
  Rendered home/index.html.erb within layouts/application (0.6ms)
Completed 200 OK in 28ms (Views: 25.5ms)


Started GET "/?Longitude=&Latitude=&marker=marker" for 127.0.0.1 at 2017-11-28 17:48:39 +0100
Processing by HomeController#index as HTML
  Parameters: {"Longitude"=>"", "Latitude"=>"", "marker"=>"marker"}
  Rendering home/index.html.erb within layouts/application
  Rendered home/index.html.erb within layouts/application (0.5ms)
Completed 200 OK in 23ms (Views: 20.9ms)


Started GET "/?Longitude=&Latitude=&marker=marker" for 127.0.0.1 at 2017-11-28 17:48:47 +0100
Processing by HomeController#index as HTML
  Parameters: {"Longitude"=>"", "Latitude"=>"", "marker"=>"marker"}
  Rendering home/index.html.erb within layouts/application
  Rendered home/index.html.erb within layouts/application (0.4ms)
Completed 200 OK in 22ms (Views: 20.7ms)


Started GET "/" for 127.0.0.1 at 2017-11-28 18:46:09 +0100
Processing by HomeController#index as HTML
  Rendering home/index.html.erb within layouts/application
  Rendered home/index.html.erb within layouts/application (326.2ms)
Completed 500 Internal Server Error in 487ms


  
ActionView::Template::Error (undefined local variable or method `home_map_path' for #<#<Class:0x007fd93af0dbe0>:0x007fd93af2f6c8>
Did you mean?  home_path):
    1: <strong>MES APP</strong>
    2: 
    3: 
    4: <p> <%= link_to("Google map", home_map_path) %></p>
    5: 
    6: <%= link_to("Twich", home_twich_path) %></p>
  
app/views/home/index.html.erb:4:in `_app_views_home_index_html_erb__573072273995497195_70285479968060'
Started GET "/" for 127.0.0.1 at 2017-11-28 18:46:11 +0100
Processing by HomeController#index as HTML
  Rendering home/index.html.erb within layouts/application
  Rendered home/index.html.erb within layouts/application (280.6ms)
Completed 500 Internal Server Error in 287ms


  
ActionView::Template::Error (undefined local variable or method `home_map_path' for #<#<Class:0x007fd93af0dbe0>:0x007fd939bfee00>
Did you mean?  home_path):
    1: <strong>MES APP</strong>
    2: 
    3: 
    4: <p> <%= link_to("Google map", home_map_path) %></p>
    5: 
    6: <%= link_to("Twich", home_twich_path) %></p>
  
app/views/home/index.html.erb:4:in `_app_views_home_index_html_erb__573072273995497195_70285476766100'
Started GET "/" for 127.0.0.1 at 2017-11-28 18:47:09 +0100
Processing by HomeController#index as HTML
  Rendering home/index.html.erb within layouts/application
  Rendered home/index.html.erb within layouts/application (296.3ms)
Completed 500 Internal Server Error in 304ms


  
ActionView::Template::Error (undefined local variable or method `home_twich_path' for #<#<Class:0x007fd93ae04848>:0x007fd93a34dd00>
Did you mean?  home_path):
    3: 
    4: <p> <%= link_to("Google map", home_map_path) %></p>
    5: 
    6: <%= link_to("Twich", home_twich_path) %></p>
  
app/views/home/index.html.erb:6:in `_app_views_home_index_html_erb__573072273995497195_70285486205620'
Started GET "/" for 127.0.0.1 at 2017-11-28 18:47:36 +0100
Processing by HomeController#index as HTML
  Rendering home/index.html.erb within layouts/application
  Rendered home/index.html.erb within layouts/application (272.1ms)
Completed 500 Internal Server Error in 279ms


  
ActionView::Template::Error (undefined local variable or method `home_twich_path' for #<#<Class:0x007fd93ae04848>:0x007fd93a969928>
Did you mean?  home_path):
    3: 
    4: <p> <%= link_to("Google map", home_map_path) %></p>
    5: 
    6: <p><%= link_to("Twich", home_twich_path) %></p>
  
app/views/home/index.html.erb:6:in `_app_views_home_index_html_erb__573072273995497195_70285483792320'
Started GET "/" for 127.0.0.1 at 2017-11-28 18:47:53 +0100
Processing by HomeController#index as HTML
  Rendering home/index.html.erb within layouts/application
  Rendered home/index.html.erb within layouts/application (288.7ms)
Completed 500 Internal Server Error in 298ms


  
ActionView::Template::Error (undefined local variable or method `home_twich_path' for #<#<Class:0x007fd93ae04848>:0x007fd939f770f0>
Did you mean?  home_path):
    3: 
    4: <%= link_to("Google map", home_map_path) %>
    5: 
    6: <%= link_to("Twich", home_twich_path) %>
  
app/views/home/index.html.erb:6:in `_app_views_home_index_html_erb__573072273995497195_70285489537360'
Started GET "/" for 127.0.0.1 at 2017-11-28 18:48:00 +0100
Processing by HomeController#index as HTML
  Rendering home/index.html.erb within layouts/application
  Rendered home/index.html.erb within layouts/application (0.8ms)
Completed 200 OK in 264ms (Views: 260.2ms)


Started GET "/home/map" for 127.0.0.1 at 2017-11-28 18:48:03 +0100
Processing by HomeController#map as HTML
  Rendering home/map.html.erb within layouts/application
  Rendered home/map.html.erb within layouts/application (0.5ms)
Completed 200 OK in 22ms (Views: 20.2ms)


Started GET "/" for 127.0.0.1 at 2017-11-28 18:48:25 +0100
Processing by HomeController#index as HTML
  Rendering home/index.html.erb within layouts/application
  Rendered home/index.html.erb within layouts/application (319.4ms)
Completed 500 Internal Server Error in 326ms


  
ActionView::Template::Error (undefined local variable or method `home_twich_path' for #<#<Class:0x007fd93ae04848>:0x007fd93b72c970>
Did you mean?  home_path):
    3: 
    4: <%= link_to("Google map", home_map_path) %>
    5: 
    6: <%= link_to("Twich", home_twich_path) %>
  
app/views/home/index.html.erb:6:in `_app_views_home_index_html_erb__573072273995497195_70285491005820'
Started GET "/" for 127.0.0.1 at 2017-11-28 18:48:40 +0100
Processing by HomeController#index as HTML
  Rendering home/index.html.erb within layouts/application
  Rendered home/index.html.erb within layouts/application (329.5ms)
Completed 500 Internal Server Error in 336ms


  
ActionView::Template::Error (undefined local variable or method `home_twich_path' for #<#<Class:0x007fd93ae04848>:0x007fd93e9b7520>
Did you mean?  home_path):
    3: 
    4: <%= link_to("Google map", home_map_path) %>
    5: 
    6: <%= link_to("Twich", home_twich_path) %>
  
app/views/home/index.html.erb:6:in `_app_views_home_index_html_erb__573072273995497195_70285517530780'
Started GET "/" for 127.0.0.1 at 2017-11-28 18:49:00 +0100
Processing by HomeController#index as HTML
  Rendering home/index.html.erb within layouts/application
  Rendered home/index.html.erb within layouts/application (0.8ms)
Completed 200 OK in 39ms (Views: 36.6ms)


Started GET "/" for 127.0.0.1 at 2017-11-28 18:49:02 +0100
Processing by HomeController#index as HTML
  Rendering home/index.html.erb within layouts/application
  Rendered home/index.html.erb within layouts/application (0.7ms)
Completed 200 OK in 22ms (Views: 19.6ms)


Started GET "/" for 127.0.0.1 at 2017-11-28 18:49:14 +0100
Processing by HomeController#index as HTML
  Rendering home/index.html.erb within layouts/application
  Rendered home/index.html.erb within layouts/application (1.3ms)
Completed 200 OK in 23ms (Views: 20.3ms)


Started GET "/home/map" for 127.0.0.1 at 2017-11-28 18:49:15 +0100
Processing by HomeController#map as HTML
  Rendering home/map.html.erb within layouts/application
  Rendered home/map.html.erb within layouts/application (0.5ms)
Completed 200 OK in 30ms (Views: 27.8ms)


Started GET "/home/map" for 127.0.0.1 at 2017-11-28 18:49:16 +0100
Processing by HomeController#map as HTML
  Rendering home/map.html.erb within layouts/application
  Rendered home/map.html.erb within layouts/application (0.4ms)
Completed 200 OK in 22ms (Views: 20.0ms)


Started GET "/" for 127.0.0.1 at 2017-11-28 18:49:33 +0100
Processing by HomeController#index as HTML
  Rendering home/index.html.erb within layouts/application
  Rendered home/index.html.erb within layouts/application (1.0ms)
Completed 200 OK in 32ms (Views: 28.1ms)


Started GET "/" for 127.0.0.1 at 2017-11-28 18:49:34 +0100
Processing by HomeController#index as HTML
  Rendering home/index.html.erb within layouts/application
  Rendered home/index.html.erb within layouts/application (1.0ms)
Completed 200 OK in 23ms (Views: 19.7ms)


Started GET "/" for 127.0.0.1 at 2017-11-28 18:49:36 +0100
Processing by HomeController#index as HTML
  Rendering home/index.html.erb within layouts/application
  Rendered home/index.html.erb within layouts/application (0.6ms)
Completed 200 OK in 23ms (Views: 20.8ms)


Started GET "/" for 127.0.0.1 at 2017-11-28 18:49:43 +0100
Processing by HomeController#index as HTML
  Rendering home/index.html.erb within layouts/application
  Rendered home/index.html.erb within layouts/application (0.7ms)
Completed 200 OK in 22ms (Views: 20.1ms)


Started GET "/" for 127.0.0.1 at 2017-11-28 18:50:00 +0100
Processing by HomeController#index as HTML
  Rendering home/index.html.erb within layouts/application
  Rendered home/index.html.erb within layouts/application (0.5ms)
Completed 200 OK in 20ms (Views: 18.5ms)


Started GET "/" for 127.0.0.1 at 2017-11-28 18:50:58 +0100
Processing by HomeController#index as HTML
  Rendering home/index.html.erb within layouts/application
  Rendered home/index.html.erb within layouts/application (0.7ms)
Completed 200 OK in 33ms (Views: 30.8ms)


Started GET "/home/twich" for 127.0.0.1 at 2017-11-28 18:51:02 +0100
Processing by HomeController#twich as HTML
  Rendering home/twich.html.erb within layouts/application
  Rendered home/twich.html.erb within layouts/application (0.7ms)
Completed 200 OK in 37ms (Views: 31.4ms)


Started GET "/" for 127.0.0.1 at 2017-11-28 18:51:18 +0100
Processing by HomeController#index as HTML
  Rendering home/index.html.erb within layouts/application
  Rendered home/index.html.erb within layouts/application (1.2ms)
Completed 200 OK in 23ms (Views: 21.7ms)


Started GET "/" for 127.0.0.1 at 2017-11-28 18:51:19 +0100
Processing by HomeController#index as HTML
  Rendering home/index.html.erb within layouts/application
  Rendered home/index.html.erb within layouts/application (0.8ms)
Completed 200 OK in 25ms (Views: 23.5ms)


Started GET "/" for 127.0.0.1 at 2017-11-28 18:51:53 +0100
Processing by HomeController#index as HTML
  Rendering home/index.html.erb within layouts/application
  Rendered home/index.html.erb within layouts/application (1.0ms)
Completed 200 OK in 29ms (Views: 27.5ms)


Started GET "/home/map" for 127.0.0.1 at 2017-11-28 18:51:55 +0100
Processing by HomeController#map as HTML
  Rendering home/map.html.erb within layouts/application
  Rendered home/map.html.erb within layouts/application (0.4ms)
Completed 200 OK in 24ms (Views: 21.7ms)


Started GET "/" for 127.0.0.1 at 2017-11-28 18:52:06 +0100
Processing by HomeController#index as HTML
  Rendering home/index.html.erb within layouts/application
  Rendered home/index.html.erb within layouts/application (0.6ms)
Completed 200 OK in 23ms (Views: 21.2ms)


Started GET "/" for 127.0.0.1 at 2017-11-28 18:53:16 +0100
Processing by HomeController#index as HTML
  Rendering home/index.html.erb within layouts/application
  Rendered home/index.html.erb within layouts/application (1.0ms)
Completed 200 OK in 23ms (Views: 21.1ms)


Started GET "/home/twich" for 127.0.0.1 at 2017-11-28 18:53:16 +0100
Processing by HomeController#twich as HTML
  Rendering home/twich.html.erb within layouts/application
  Rendered home/twich.html.erb within layouts/application (0.6ms)
Completed 200 OK in 31ms (Views: 26.6ms)


Started GET "/home/map" for 127.0.0.1 at 2017-11-28 18:53:28 +0100
Processing by HomeController#map as HTML
  Rendering home/map.html.erb within layouts/application
  Rendered home/map.html.erb within layouts/application (0.4ms)
Completed 200 OK in 21ms (Views: 19.2ms)


Started GET "/home/map" for 127.0.0.1 at 2017-11-28 18:56:32 +0100
Processing by HomeController#map as HTML
  Rendering home/map.html.erb within layouts/application
  Rendered home/map.html.erb within layouts/application (1.2ms)
Completed 200 OK in 501ms (Views: 340.2ms)


Started GET "/" for 127.0.0.1 at 2017-11-28 18:56:36 +0100
Processing by HomeController#index as HTML
  Rendering home/index.html.erb within layouts/application
  Rendered home/index.html.erb within layouts/application (0.9ms)
Completed 200 OK in 23ms (Views: 21.6ms)


Started GET "/home/map" for 127.0.0.1 at 2017-11-28 18:56:37 +0100
Processing by HomeController#map as HTML
  Rendering home/map.html.erb within layouts/application
  Rendered home/map.html.erb within layouts/application (0.4ms)
Completed 200 OK in 23ms (Views: 21.0ms)


Started GET "/home/twich" for 127.0.0.1 at 2017-11-28 18:57:45 +0100
Processing by HomeController#twich as HTML
  Rendering home/twich.html.erb within layouts/application
  Rendered home/twich.html.erb within layouts/application (0.4ms)
Completed 200 OK in 104ms (Views: 97.2ms)


Started GET "/home/twich" for 127.0.0.1 at 2017-11-28 18:57:45 +0100
Processing by HomeController#twich as HTML
  Rendering home/twich.html.erb within layouts/application
  Rendered home/twich.html.erb within layouts/application (0.4ms)
Completed 200 OK in 30ms (Views: 28.3ms)


Started GET "/" for 127.0.0.1 at 2017-11-28 18:57:46 +0100
Processing by HomeController#index as HTML
  Rendering home/index.html.erb within layouts/application
  Rendered home/index.html.erb within layouts/application (1.3ms)
Completed 200 OK in 45ms (Views: 40.5ms)


Started GET "/" for 127.0.0.1 at 2017-11-28 18:59:12 +0100
Processing by HomeController#index as HTML
  Rendering home/index.html.erb within layouts/application
  Rendered home/index.html.erb within layouts/application (1.1ms)
Completed 200 OK in 61ms (Views: 58.1ms)


Started GET "/home/map" for 127.0.0.1 at 2017-11-28 18:59:14 +0100
Processing by HomeController#map as HTML
  Rendering home/map.html.erb within layouts/application
  Rendered home/map.html.erb within layouts/application (0.5ms)
Completed 200 OK in 31ms (Views: 28.2ms)


Started GET "/home/twich" for 127.0.0.1 at 2017-11-28 18:59:17 +0100
Processing by HomeController#twich as HTML
  Rendering home/twich.html.erb within layouts/application
  Rendered home/twich.html.erb within layouts/application (1.1ms)
Completed 200 OK in 47ms (Views: 41.6ms)


Started GET "/home/twich" for 127.0.0.1 at 2017-11-28 18:59:32 +0100
Processing by HomeController#twich as HTML
  Rendering home/twich.html.erb within layouts/application
  Rendered home/twich.html.erb within layouts/application (0.5ms)
Completed 200 OK in 42ms (Views: 35.7ms)


Started GET "/" for 127.0.0.1 at 2017-11-28 19:02:48 +0100
Processing by HomeController#index as HTML
  Rendering home/index.html.erb within layouts/application
  Rendered home/index.html.erb within layouts/application (1.3ms)
Completed 200 OK in 50ms (Views: 45.7ms)


Started GET "/home/map" for 127.0.0.1 at 2017-11-28 19:02:49 +0100
Processing by HomeController#map as HTML
  Rendering home/map.html.erb within layouts/application
  Rendered home/map.html.erb within layouts/application (0.7ms)
Completed 200 OK in 30ms (Views: 27.8ms)


